                      :-) GROMACS - gmx mdrun, 2023.3 (-:

Copyright 1991-2023 The GROMACS Authors.
GROMACS is free software; you can redistribute it and/or modify it
under the terms of the GNU Lesser General Public License
as published by the Free Software Foundation; either version 2.1
of the License, or (at your option) any later version.

                         Current GROMACS contributors:
       Mark Abraham           Andrey Alekseenko           Cathrine Bergh      
      Christian Blau            Eliane Briand             Mahesh Doijade      
    Stefan Fleischmann           Vytas Gapsys              Gaurav Garg        
      Sergey Gorelov         Gilles Gouaillardet            Alan Gray         
     M. Eric Irrgang         Farzaneh Jalalypour            Joe Jordan        
    Christoph Junghans        Prashanth Kanduri          Sebastian Keller     
     Carsten Kutzner           Justin A. Lemkul          Magnus Lundborg      
       Pascal Merz              Vedran Miletic            Dmitry Morozov      
       Szilard Pall             Roland Schulz             Michael Shirts      
     Alexey Shvetsov            Balint Soproni         David van der Spoel    
      Philip Turner             Carsten Uphoff           Alessandra Villa     
 Sebastian Wingbermuehle        Artem Zhmurov       

                         Previous GROMACS contributors:
        Emile Apol             Rossen Apostolov           James Barnett       
  Herman J.C. Berendsen          Par Bjelkmar           Viacheslav Bolnykh    
        Kevin Boyd            Aldert van Buuren          Carlo Camilloni      
     Rudi van Drunen            Anton Feenstra           Oliver Fleetwood     
     Gerrit Groenhof            Bert de Groot             Anca Hamuraru       
    Vincent Hindriksen          Victor Holanda           Aleksei Iupinov      
   Dimitrios Karkoulis           Peter Kasson             Sebastian Kehl      
        Jiri Kraus               Per Larsson              Viveca Lindahl      
      Erik Marklund           Pieter Meulenhoff           Teemu Murtola       
       Sander Pronk             Alfons Sijbers            Peter Tieleman      
       Jon Vincent             Teemu Virolainen         Christian Wennberg    
       Maarten Wolf       

                  Coordinated by the GROMACS project leaders:
                    Paul Bauer, Berk Hess, and Erik Lindahl

GROMACS:      gmx mdrun, version 2023.3
Executable:   /usr/local/gromacs/bin/gmx
Data prefix:  /usr/local/gromacs
Working dir:  /Users/diego/gromacs/teste
Process ID:   16620
Command line:
  gmx mdrun -v -deffnm md

GROMACS version:    2023.3
Precision:          mixed
Memory model:       64 bit
MPI library:        thread_mpi
OpenMP support:     disabled
GPU support:        disabled
SIMD instructions:  ARM_NEON_ASIMD
CPU FFT library:    fftw-3.3.8
GPU FFT library:    none
Multi-GPU FFT:      none
TNG support:        enabled
Hwloc support:      disabled
Tracing support:    disabled
C compiler:         /Library/Developer/CommandLineTools/usr/bin/cc AppleClang 15.0.0.15000040
C compiler flags:   -Wno-unknown-pragmas -Wno-missing-field-initializers -fno-stack-check -fno-stack-check -O3 -DNDEBUG
C++ compiler:       /Library/Developer/CommandLineTools/usr/bin/c++ AppleClang 15.0.0.15000040
C++ compiler flags: -Wno-unknown-pragmas -Wno-reserved-identifier -Wno-missing-field-initializers -fno-stack-check -fno-stack-check -Weverything -Wno-c++98-compat -Wno-c++98-compat-pedantic -Wno-source-uses-openmp -Wno-c++17-extensions -Wno-documentation-unknown-command -Wno-covered-switch-default -Wno-switch-enum -Wno-extra-semi-stmt -Wno-weak-vtables -Wno-shadow -Wno-padded -Wno-reserved-id-macro -Wno-double-promotion -Wno-exit-time-destructors -Wno-global-constructors -Wno-documentation -Wno-format-nonliteral -Wno-used-but-marked-unused -Wno-float-equal -Wno-conditional-uninitialized -Wno-conversion -Wno-disabled-macro-expansion -Wno-unused-macros -Wno-unsafe-buffer-usage -O3 -DNDEBUG
BLAS library:       External - detected on the system
LAPACK library:     External - detected on the system


Running on 1 node with total 0 processing units
Hardware detected on host hipogrifo.local:
  CPU info:
    Vendor: ARM
    Brand:  Unknown CPU brand
    Family: 0   Model: 0   Stepping: 0
    Features: neon neon_asimd
  Hardware topology: Only logical processor count
    CPU limit set by OS: -1   Recommended max number of threads: 8


++++ PLEASE READ AND CITE THE FOLLOWING REFERENCE ++++
M. J. Abraham, T. Murtola, R. Schulz, S. Páll, J. C. Smith, B. Hess, E.
Lindahl
GROMACS: High performance molecular simulations through multi-level
parallelism from laptops to supercomputers
SoftwareX 1 (2015) pp. 19-25
-------- -------- --- Thank You --- -------- --------


++++ PLEASE READ AND CITE THE FOLLOWING REFERENCE ++++
S. Páll, M. J. Abraham, C. Kutzner, B. Hess, E. Lindahl
Tackling Exascale Software Challenges in Molecular Dynamics Simulations with
GROMACS
In S. Markidis & E. Laure (Eds.), Solving Software Challenges for Exascale 8759 (2015) pp. 3-27
-------- -------- --- Thank You --- -------- --------


++++ PLEASE READ AND CITE THE FOLLOWING REFERENCE ++++
S. Pronk, S. Páll, R. Schulz, P. Larsson, P. Bjelkmar, R. Apostolov, M. R.
Shirts, J. C. Smith, P. M. Kasson, D. van der Spoel, B. Hess, and E. Lindahl
GROMACS 4.5: a high-throughput and highly parallel open source molecular
simulation toolkit
Bioinformatics 29 (2013) pp. 845-54
-------- -------- --- Thank You --- -------- --------


++++ PLEASE READ AND CITE THE FOLLOWING REFERENCE ++++
B. Hess and C. Kutzner and D. van der Spoel and E. Lindahl
GROMACS 4: Algorithms for highly efficient, load-balanced, and scalable
molecular simulation
J. Chem. Theory Comput. 4 (2008) pp. 435-447
-------- -------- --- Thank You --- -------- --------


++++ PLEASE READ AND CITE THE FOLLOWING REFERENCE ++++
D. van der Spoel, E. Lindahl, B. Hess, G. Groenhof, A. E. Mark and H. J. C.
Berendsen
GROMACS: Fast, Flexible and Free
J. Comp. Chem. 26 (2005) pp. 1701-1719
-------- -------- --- Thank You --- -------- --------


++++ PLEASE READ AND CITE THE FOLLOWING REFERENCE ++++
E. Lindahl and B. Hess and D. van der Spoel
GROMACS 3.0: A package for molecular simulation and trajectory analysis
J. Mol. Mod. 7 (2001) pp. 306-317
-------- -------- --- Thank You --- -------- --------


++++ PLEASE READ AND CITE THE FOLLOWING REFERENCE ++++
H. J. C. Berendsen, D. van der Spoel and R. van Drunen
GROMACS: A message-passing parallel molecular dynamics implementation
Comp. Phys. Comm. 91 (1995) pp. 43-56
-------- -------- --- Thank You --- -------- --------


++++ PLEASE CITE THE DOI FOR THIS VERSION OF GROMACS ++++
https://doi.org/10.5281/zenodo.10017686
-------- -------- --- Thank You --- -------- --------

Input Parameters:
   integrator                     = md
   tinit                          = 0
   dt                             = 0.002
   nsteps                         = 100000
   init-step                      = 0
   simulation-part                = 1
   mts                            = false
   comm-mode                      = Linear
   nstcomm                        = 100
   bd-fric                        = 0
   ld-seed                        = 1945623471
   emtol                          = 10
   emstep                         = 0.01
   niter                          = 20
   fcstep                         = 0
   nstcgsteep                     = 1000
   nbfgscorr                      = 10
   rtpi                           = 0.05
   nstxout                        = 5000
   nstvout                        = 5000
   nstfout                        = 0
   nstlog                         = 5000
   nstcalcenergy                  = 100
   nstenergy                      = 5000
   nstxout-compressed             = 5000
   compressed-x-precision         = 1000
   cutoff-scheme                  = Verlet
   nstlist                        = 10
   pbc                            = xyz
   periodic-molecules             = false
   verlet-buffer-tolerance        = 0.005
   rlist                          = 1
   coulombtype                    = PME
   coulomb-modifier               = Potential-shift
   rcoulomb-switch                = 0
   rcoulomb                       = 1
   epsilon-r                      = 1
   epsilon-rf                     = inf
   vdw-type                       = Cut-off
   vdw-modifier                   = Potential-shift
   rvdw-switch                    = 0
   rvdw                           = 1
   DispCorr                       = EnerPres
   table-extension                = 1
   fourierspacing                 = 0.16
   fourier-nx                     = 32
   fourier-ny                     = 32
   fourier-nz                     = 32
   pme-order                      = 4
   ewald-rtol                     = 1e-05
   ewald-rtol-lj                  = 0.001
   lj-pme-comb-rule               = Geometric
   ewald-geometry                 = 3d
   epsilon-surface                = 0
   ensemble-temperature-setting   = constant
   ensemble-temperature           = 300
   tcoupl                         = V-rescale
   nsttcouple                     = 10
   nh-chain-length                = 0
   print-nose-hoover-chain-variables = false
   pcoupl                         = Parrinello-Rahman
   pcoupltype                     = Isotropic
   nstpcouple                     = 50
   tau-p                          = 2
   compressibility (3x3):
      compressibility[    0]={ 4.50000e-05,  0.00000e+00,  0.00000e+00}
      compressibility[    1]={ 0.00000e+00,  4.50000e-05,  0.00000e+00}
      compressibility[    2]={ 0.00000e+00,  0.00000e+00,  4.50000e-05}
   ref-p (3x3):
      ref-p[    0]={ 1.00000e+00,  0.00000e+00,  0.00000e+00}
      ref-p[    1]={ 0.00000e+00,  1.00000e+00,  0.00000e+00}
      ref-p[    2]={ 0.00000e+00,  0.00000e+00,  1.00000e+00}
   refcoord-scaling               = No
   posres-com (3):
      posres-com[0]= 0.00000e+00
      posres-com[1]= 0.00000e+00
      posres-com[2]= 0.00000e+00
   posres-comB (3):
      posres-comB[0]= 0.00000e+00
      posres-comB[1]= 0.00000e+00
      posres-comB[2]= 0.00000e+00
   QMMM                           = false
qm-opts:
   ngQM                           = 0
   constraint-algorithm           = Lincs
   continuation                   = true
   Shake-SOR                      = false
   shake-tol                      = 0.0001
   lincs-order                    = 4
   lincs-iter                     = 1
   lincs-warnangle                = 30
   nwall                          = 0
   wall-type                      = 9-3
   wall-r-linpot                  = -1
   wall-atomtype[0]               = -1
   wall-atomtype[1]               = -1
   wall-density[0]                = 0
   wall-density[1]                = 0
   wall-ewald-zfac                = 3
   pull                           = false
   awh                            = false
   rotation                       = false
   interactiveMD                  = false
   disre                          = No
   disre-weighting                = Conservative
   disre-mixed                    = false
   dr-fc                          = 1000
   dr-tau                         = 0
   nstdisreout                    = 100
   orire-fc                       = 0
   orire-tau                      = 0
   nstorireout                    = 100
   free-energy                    = no
   cos-acceleration               = 0
   deform (3x3):
      deform[    0]={ 0.00000e+00,  0.00000e+00,  0.00000e+00}
      deform[    1]={ 0.00000e+00,  0.00000e+00,  0.00000e+00}
      deform[    2]={ 0.00000e+00,  0.00000e+00,  0.00000e+00}
   simulated-tempering            = false
   swapcoords                     = no
   userint1                       = 0
   userint2                       = 0
   userint3                       = 0
   userint4                       = 0
   userreal1                      = 0
   userreal2                      = 0
   userreal3                      = 0
   userreal4                      = 0
   applied-forces:
     electric-field:
       x:
         E0                       = 0
         omega                    = 0
         t0                       = 0
         sigma                    = 0
       y:
         E0                       = 0
         omega                    = 0
         t0                       = 0
         sigma                    = 0
       z:
         E0                       = 0
         omega                    = 0
         t0                       = 0
         sigma                    = 0
     density-guided-simulation:
       active                     = false
       group                      = protein
       similarity-measure         = inner-product
       atom-spreading-weight      = unity
       force-constant             = 1e+09
       gaussian-transform-spreading-width = 0.2
       gaussian-transform-spreading-range-in-multiples-of-width = 4
       reference-density-filename = reference.mrc
       nst                        = 1
       normalize-densities        = true
       adaptive-force-scaling     = false
       adaptive-force-scaling-time-constant = 4
       shift-vector               = 
       transformation-matrix      = 
     qmmm-cp2k:
       active                     = false
       qmgroup                    = System
       qmmethod                   = PBE
       qmfilenames                = 
       qmcharge                   = 0
       qmmultiplicity             = 1
grpopts:
   nrdf:     298.954       19008
   ref-t:         300         300
   tau-t:         0.1         0.1
annealing:          No          No
annealing-npoints:           0           0
   acc:	           0           0           0
   nfreeze:           N           N           N
   energygrp-flags[  0]: 0

Changing nstlist from 10 to 50, rlist from 1 to 1.11

Update groups can not be used for this system because there are three or more consecutively coupled constraints

Initializing Domain Decomposition on 8 ranks
Dynamic load balancing: auto
Minimum cell size due to atom displacement: 0.455 nm
Initial maximum distances in bonded interactions:
    two-body bonded interactions: 0.417 nm, LJ-14, atoms 116 124
  multi-body bonded interactions: 0.417 nm, Proper Dih., atoms 116 124
Minimum cell size due to bonded interactions: 0.459 nm
Maximum distance for 5 constraints, at 120 deg. angles, all-trans: 0.819 nm
Estimated maximum distance required for P-LINCS: 0.819 nm
This distance will limit the DD cell size, you can override this with -rcon
Scaling the initial minimum size with 1/0.8 (option -dds) = 1.25
Using 0 separate PME ranks because: there are too few total ranks for efficient splitting
Optimizing the DD grid for 8 cells with a minimum initial size of 1.024 nm
The maximum allowed number of cells is: X 4 Y 4 Z 4
Domain decomposition grid 4 x 2 x 1, separate PME ranks 0
PME domain decomposition: 4 x 2 x 1
Domain decomposition rank 0, coordinates 0 0 0

The initial number of communication pulses is: X 1 Y 1
The initial domain decomposition cell size is: X 1.15 nm Y 2.30 nm

The maximum allowed distance for atoms involved in interactions is:
                 non-bonded interactions           1.110 nm
(the following are initial values, they could change due to box deformation)
            two-body bonded interactions  (-rdd)   1.110 nm
          multi-body bonded interactions  (-rdd)   1.110 nm
  atoms separated by up to 5 constraints  (-rcon)  1.149 nm

When dynamic load balancing gets turned on, these settings will change to:
The maximum number of communication pulses is: X 2 Y 1
The minimum size for domain decomposition cells is 0.819 nm
The requested allowed shrink of DD cells (option -dds) is: 0.80
The allowed shrink of domain decomposition cells is: X 0.71 Y 0.48
The maximum allowed distance for atoms involved in interactions is:
                 non-bonded interactions           1.110 nm
            two-body bonded interactions  (-rdd)   1.110 nm
          multi-body bonded interactions  (-rdd)   0.819 nm
  atoms separated by up to 5 constraints  (-rcon)  0.819 nm

Using 8 MPI threads
System total charge: 0.000
Will do PME sum in reciprocal space for electrostatic interactions.

++++ PLEASE READ AND CITE THE FOLLOWING REFERENCE ++++
U. Essmann, L. Perera, M. L. Berkowitz, T. Darden, H. Lee and L. G. Pedersen 
A smooth particle mesh Ewald method
J. Chem. Phys. 103 (1995) pp. 8577-8592
-------- -------- --- Thank You --- -------- --------

Using a Gaussian width (1/beta) of 0.320163 nm for Ewald
Potential shift: LJ r^-12: -1.000e+00 r^-6: -1.000e+00, Ewald -1.000e-05
Initialized non-bonded Coulomb Ewald tables, spacing: 9.33e-04 size: 1073

Generated table with 1055 data points for 1-4 COUL.
Tabscale = 500 points/nm
Generated table with 1055 data points for 1-4 LJ6.
Tabscale = 500 points/nm
Generated table with 1055 data points for 1-4 LJ12.
Tabscale = 500 points/nm
Long Range LJ corr.: <C6> 2.8662e-04


Using SIMD 4x4 nonbonded short-range kernels

Using a dual 4x4 pair-list setup updated with dynamic pruning:
  outer list: updated every 50 steps, buffer 0.110 nm, rlist 1.110 nm
  inner list: updated every 12 steps, buffer 0.003 nm, rlist 1.003 nm
At tolerance 0.005 kJ/mol/ps per atom, equivalent classical 1x1 list would be:
  outer list: updated every 50 steps, buffer 0.236 nm, rlist 1.236 nm
  inner list: updated every 12 steps, buffer 0.048 nm, rlist 1.048 nm

The non-bonded pair calculation algorithm tolerates a few missing pair interactions close to the cut-off. This can lead to a systematic overestimation of the pressure due to missing LJ interactions. The error in the average pressure due to missing LJ interactions is at most 0.29 bar.
The pressure error can be controlled by setting the environment variable GMX_VERLET_BUFFER_PRESSURE_TOLERANCE to the allowed error in units of bar.

Using Lorentz-Berthelot Lennard-Jones combination rule

Linking all bonded interactions to atoms


Initializing Parallel LINear Constraint Solver

++++ PLEASE READ AND CITE THE FOLLOWING REFERENCE ++++
B. Hess
P-LINCS: A Parallel Linear Constraint Solver for molecular simulation
J. Chem. Theory Comput. 4 (2008) pp. 116-122
-------- -------- --- Thank You --- -------- --------

The number of constraints is 151
There are constraints between atoms in different decomposition domains,
will communicate selected coordinates each lincs iteration

++++ PLEASE READ AND CITE THE FOLLOWING REFERENCE ++++
S. Miyamoto and P. A. Kollman
SETTLE: An Analytical Version of the SHAKE and RATTLE Algorithms for Rigid
Water Models
J. Comp. Chem. 13 (1992) pp. 952-962
-------- -------- --- Thank You --- -------- --------


Intra-simulation communication will occur every 10 steps.

++++ PLEASE READ AND CITE THE FOLLOWING REFERENCE ++++
G. Bussi, D. Donadio and M. Parrinello
Canonical sampling through velocity rescaling
J. Chem. Phys. 126 (2007) pp. 014101
-------- -------- --- Thank You --- -------- --------

There are: 9646 Atoms
Atom distribution over 8 domains: av 1205 stddev 46 min 1180 max 1237
Center of mass motion removal mode is Linear
We have the following groups for center of mass motion removal:
  0:  rest

Started mdrun on rank 0 Tue Nov  7 15:54:16 2023

           Step           Time
              0        0.00000

   Energies (kJ/mol)
          Angle    Proper Dih. Per. Imp. Dih.          LJ-14     Coulomb-14
    3.24730e+02    3.72684e+02    1.69894e+01    1.67430e+02    1.47647e+03
        LJ (SR)  Disper. corr.   Coulomb (SR)   Coul. recip.      Potential
    2.07597e+04   -1.14897e+03   -1.58646e+05    8.94315e+02   -1.35783e+05
    Kinetic En.   Total Energy  Conserved En.    Temperature Pres. DC (bar)
    2.42203e+04   -1.11563e+05   -1.11557e+05    3.01760e+02   -1.96708e+02
 Pressure (bar)   Constr. rmsd
    4.49791e+02    1.80380e-05


DD  step 49 load imb.: force 24.5%

step 150 Turning on dynamic load balancing, because the performance loss due to load imbalance is 4.4 %.
step 1000 Turning off dynamic load balancing, because it is degrading performance.
Atom distribution over 8 domains: av 1205 stddev 44 min 1193 max 1225

DD  step 4999 load imb.: force 17.8%

step 5000 Turning on dynamic load balancing, because the performance loss due to load imbalance is 4.7 %.
           Step           Time
           5000       10.00000

   Energies (kJ/mol)
          Angle    Proper Dih. Per. Imp. Dih.          LJ-14     Coulomb-14
    3.05533e+02    3.86422e+02    9.47186e+00    1.59453e+02    1.50982e+03
        LJ (SR)  Disper. corr.   Coulomb (SR)   Coul. recip.      Potential
    2.06281e+04   -1.15057e+03   -1.58329e+05    8.79588e+02   -1.35601e+05
    Kinetic En.   Total Energy  Conserved En.    Temperature Pres. DC (bar)
    2.43308e+04   -1.11270e+05   -1.11434e+05    3.03136e+02   -1.97255e+02
 Pressure (bar)   Constr. rmsd
    1.90509e+02    3.21892e-05


DD  step 9999  vol min/aver 0.866  load imb.: force 11.7%
           Step           Time
          10000       20.00000

   Energies (kJ/mol)
          Angle    Proper Dih. Per. Imp. Dih.          LJ-14     Coulomb-14
    3.11962e+02    3.71999e+02    9.05654e+00    1.50396e+02    1.55524e+03
        LJ (SR)  Disper. corr.   Coulomb (SR)   Coul. recip.      Potential
    2.02289e+04   -1.14060e+03   -1.58208e+05    9.42723e+02   -1.35778e+05
    Kinetic En.   Total Energy  Conserved En.    Temperature Pres. DC (bar)
    2.38016e+04   -1.11977e+05   -1.11329e+05    2.96543e+02   -1.93856e+02
 Pressure (bar)   Constr. rmsd
   -8.50395e+01    1.78833e-05


step 14000 Turning off dynamic load balancing, because it is degrading performance.
Atom distribution over 8 domains: av 1205 stddev 44 min 1193 max 1229

DD  step 14999 load imb.: force 15.6%
           Step           Time
          15000       30.00000

   Energies (kJ/mol)
          Angle    Proper Dih. Per. Imp. Dih.          LJ-14     Coulomb-14
    3.49851e+02    3.53884e+02    1.78554e+01    1.61900e+02    1.49687e+03
        LJ (SR)  Disper. corr.   Coulomb (SR)   Coul. recip.      Potential
    1.97233e+04   -1.15722e+03   -1.57632e+05    8.88210e+02   -1.35798e+05
    Kinetic En.   Total Energy  Conserved En.    Temperature Pres. DC (bar)
    2.42444e+04   -1.11553e+05   -1.11199e+05    3.02059e+02   -1.99540e+02
 Pressure (bar)   Constr. rmsd
   -2.85373e+02    3.33304e-05


DD  step 19999 load imb.: force 28.7%

step 20000 Turning on dynamic load balancing, because the performance loss due to load imbalance is 4.7 %.
           Step           Time
          20000       40.00000

   Energies (kJ/mol)
          Angle    Proper Dih. Per. Imp. Dih.          LJ-14     Coulomb-14
    2.99439e+02    3.91542e+02    2.96743e+01    1.42475e+02    1.55262e+03
        LJ (SR)  Disper. corr.   Coulomb (SR)   Coul. recip.      Potential
    2.04280e+04   -1.14297e+03   -1.58598e+05    8.31075e+02   -1.36066e+05
    Kinetic En.   Total Energy  Conserved En.    Temperature Pres. DC (bar)
    2.38022e+04   -1.12264e+05   -1.11030e+05    2.96551e+02   -1.94664e+02
 Pressure (bar)   Constr. rmsd
   -1.05490e+02    2.27874e-05

step 21000 Turning off dynamic load balancing, because it is degrading performance.
Atom distribution over 8 domains: av 1205 stddev 48 min 1178 max 1237

DD  step 24999 load imb.: force  5.8%

step 25000 Will no longer try dynamic load balancing, as it degraded performance.
           Step           Time
          25000       50.00000

   Energies (kJ/mol)
          Angle    Proper Dih. Per. Imp. Dih.          LJ-14     Coulomb-14
    3.45792e+02    3.66576e+02    1.31782e+01    1.49597e+02    1.55105e+03
        LJ (SR)  Disper. corr.   Coulomb (SR)   Coul. recip.      Potential
    2.01307e+04   -1.13638e+03   -1.57718e+05    8.59427e+02   -1.35438e+05
    Kinetic En.   Total Energy  Conserved En.    Temperature Pres. DC (bar)
    2.41748e+04   -1.11264e+05   -1.10929e+05    3.01192e+02   -1.92428e+02
 Pressure (bar)   Constr. rmsd
   -1.26028e+02    2.52040e-05


DD  step 29999 load imb.: force 17.0%
           Step           Time
          30000       60.00000

   Energies (kJ/mol)
          Angle    Proper Dih. Per. Imp. Dih.          LJ-14     Coulomb-14
    2.84582e+02    3.68494e+02    1.77665e+01    1.50332e+02    1.52062e+03
        LJ (SR)  Disper. corr.   Coulomb (SR)   Coul. recip.      Potential
    2.00562e+04   -1.13265e+03   -1.57406e+05    8.83834e+02   -1.35256e+05
    Kinetic En.   Total Energy  Conserved En.    Temperature Pres. DC (bar)
    2.41222e+04   -1.11134e+05   -1.10876e+05    3.00537e+02   -1.91167e+02
 Pressure (bar)   Constr. rmsd
   -1.27392e+02    1.72046e-05


DD  step 34999 load imb.: force 23.5%
           Step           Time
          35000       70.00000

   Energies (kJ/mol)
          Angle    Proper Dih. Per. Imp. Dih.          LJ-14     Coulomb-14
    2.96639e+02    3.59666e+02    1.61441e+01    1.38994e+02    1.58181e+03
        LJ (SR)  Disper. corr.   Coulomb (SR)   Coul. recip.      Potential
    2.02350e+04   -1.14716e+03   -1.58475e+05    9.11326e+02   -1.36082e+05
    Kinetic En.   Total Energy  Conserved En.    Temperature Pres. DC (bar)
    2.41431e+04   -1.11939e+05   -1.10801e+05    3.00797e+02   -1.96090e+02
 Pressure (bar)   Constr. rmsd
   -9.24258e+01    2.87995e-05


DD  step 39999 load imb.: force  8.3%
           Step           Time
          40000       80.00000

   Energies (kJ/mol)
          Angle    Proper Dih. Per. Imp. Dih.          LJ-14     Coulomb-14
    3.40544e+02    3.66533e+02    1.44975e+01    1.42644e+02    1.52864e+03
        LJ (SR)  Disper. corr.   Coulomb (SR)   Coul. recip.      Potential
    2.08497e+04   -1.15015e+03   -1.58949e+05    8.41366e+02   -1.36016e+05
    Kinetic En.   Total Energy  Conserved En.    Temperature Pres. DC (bar)
    2.41179e+04   -1.11898e+05   -1.10703e+05    3.00484e+02   -1.97113e+02
 Pressure (bar)   Constr. rmsd
    2.71083e+02    2.44389e-05


DD  step 44999 load imb.: force 37.0%
           Step           Time
          45000       90.00000

   Energies (kJ/mol)
          Angle    Proper Dih. Per. Imp. Dih.          LJ-14     Coulomb-14
    3.09098e+02    3.96262e+02    2.32155e+01    1.25007e+02    1.53755e+03
        LJ (SR)  Disper. corr.   Coulomb (SR)   Coul. recip.      Potential
    2.03413e+04   -1.14956e+03   -1.58176e+05    8.76285e+02   -1.35717e+05
    Kinetic En.   Total Energy  Conserved En.    Temperature Pres. DC (bar)
    2.41859e+04   -1.11531e+05   -1.10642e+05    3.01331e+02   -1.96911e+02
 Pressure (bar)   Constr. rmsd
    2.00032e+01    2.83753e-05


DD  step 49999 load imb.: force  7.6%
           Step           Time
          50000      100.00000

   Energies (kJ/mol)
          Angle    Proper Dih. Per. Imp. Dih.          LJ-14     Coulomb-14
    3.21753e+02    3.71185e+02    1.25064e+01    1.36545e+02    1.55048e+03
        LJ (SR)  Disper. corr.   Coulomb (SR)   Coul. recip.      Potential
    1.99837e+04   -1.14023e+03   -1.57577e+05    8.70715e+02   -1.35471e+05
    Kinetic En.   Total Energy  Conserved En.    Temperature Pres. DC (bar)
    2.32986e+04   -1.12172e+05   -1.10565e+05    2.90276e+02   -1.93732e+02
 Pressure (bar)   Constr. rmsd
   -3.12838e+02    2.91644e-05


DD  step 54999 load imb.: force 10.4%
           Step           Time
          55000      110.00000

   Energies (kJ/mol)
          Angle    Proper Dih. Per. Imp. Dih.          LJ-14     Coulomb-14
    3.14284e+02    3.78716e+02    1.50632e+01    1.48122e+02    1.51189e+03
        LJ (SR)  Disper. corr.   Coulomb (SR)   Coul. recip.      Potential
    1.99926e+04   -1.13277e+03   -1.57245e+05    9.12586e+02   -1.35105e+05
    Kinetic En.   Total Energy  Conserved En.    Temperature Pres. DC (bar)
    2.42677e+04   -1.10837e+05   -1.10483e+05    3.02349e+02   -1.91206e+02
 Pressure (bar)   Constr. rmsd
   -5.92946e+01    1.47751e-05


DD  step 59999 load imb.: force 34.8%
           Step           Time
          60000      120.00000

   Energies (kJ/mol)
          Angle    Proper Dih. Per. Imp. Dih.          LJ-14     Coulomb-14
    3.17786e+02    3.52096e+02    8.01212e+00    1.44426e+02    1.50011e+03
        LJ (SR)  Disper. corr.   Coulomb (SR)   Coul. recip.      Potential
    2.04499e+04   -1.14101e+03   -1.57791e+05    9.11068e+02   -1.35249e+05
    Kinetic En.   Total Energy  Conserved En.    Temperature Pres. DC (bar)
    2.42179e+04   -1.11031e+05   -1.10396e+05    3.01729e+02   -1.93996e+02
 Pressure (bar)   Constr. rmsd
    3.02704e-01    3.87251e-05


DD  step 64999 load imb.: force 10.5%
           Step           Time
          65000      130.00000

   Energies (kJ/mol)
          Angle    Proper Dih. Per. Imp. Dih.          LJ-14     Coulomb-14
    2.87847e+02    3.64418e+02    3.06876e+01    1.28492e+02    1.55307e+03
        LJ (SR)  Disper. corr.   Coulomb (SR)   Coul. recip.      Potential
    2.08306e+04   -1.13842e+03   -1.59272e+05    9.32029e+02   -1.36284e+05
    Kinetic En.   Total Energy  Conserved En.    Temperature Pres. DC (bar)
    2.40199e+04   -1.12264e+05   -1.10288e+05    2.99263e+02   -1.93116e+02
 Pressure (bar)   Constr. rmsd
    5.85597e+01    2.70123e-05


DD  step 69999 load imb.: force 23.0%
           Step           Time
          70000      140.00000

   Energies (kJ/mol)
          Angle    Proper Dih. Per. Imp. Dih.          LJ-14     Coulomb-14
    2.89566e+02    3.80115e+02    1.51377e+01    1.47545e+02    1.51707e+03
        LJ (SR)  Disper. corr.   Coulomb (SR)   Coul. recip.      Potential
    2.03571e+04   -1.14426e+03   -1.58433e+05    8.96687e+02   -1.35974e+05
    Kinetic En.   Total Energy  Conserved En.    Temperature Pres. DC (bar)
    2.38628e+04   -1.12112e+05   -1.10133e+05    2.97305e+02   -1.95103e+02
 Pressure (bar)   Constr. rmsd
   -8.23168e-01    2.12224e-05


DD  step 74999 load imb.: force 18.2%
           Step           Time
          75000      150.00000

   Energies (kJ/mol)
          Angle    Proper Dih. Per. Imp. Dih.          LJ-14     Coulomb-14
    2.81118e+02    3.71803e+02    2.07586e+01    1.47190e+02    1.50883e+03
        LJ (SR)  Disper. corr.   Coulomb (SR)   Coul. recip.      Potential
    2.08201e+04   -1.14286e+03   -1.58590e+05    9.08209e+02   -1.35674e+05
    Kinetic En.   Total Energy  Conserved En.    Temperature Pres. DC (bar)
    2.41225e+04   -1.11552e+05   -1.10083e+05    3.00541e+02   -1.94626e+02
 Pressure (bar)   Constr. rmsd
    3.18014e+02    2.24078e-05


DD  step 79999 load imb.: force 33.9%
           Step           Time
          80000      160.00000

   Energies (kJ/mol)
          Angle    Proper Dih. Per. Imp. Dih.          LJ-14     Coulomb-14
    3.04331e+02    3.51732e+02    1.54899e+01    1.42522e+02    1.53245e+03
        LJ (SR)  Disper. corr.   Coulomb (SR)   Coul. recip.      Potential
    2.06147e+04   -1.14029e+03   -1.57929e+05    9.24204e+02   -1.35184e+05
    Kinetic En.   Total Energy  Conserved En.    Temperature Pres. DC (bar)
    2.41800e+04   -1.11004e+05   -1.10018e+05    3.01257e+02   -1.93753e+02
 Pressure (bar)   Constr. rmsd
    2.37955e+02    3.29325e-05


DD  step 84999 load imb.: force 23.4%
           Step           Time
          85000      170.00000

   Energies (kJ/mol)
          Angle    Proper Dih. Per. Imp. Dih.          LJ-14     Coulomb-14
    3.20151e+02    3.92083e+02    1.57666e+01    1.33366e+02    1.49552e+03
        LJ (SR)  Disper. corr.   Coulomb (SR)   Coul. recip.      Potential
    2.04969e+04   -1.13671e+03   -1.57818e+05    9.38764e+02   -1.35162e+05
    Kinetic En.   Total Energy  Conserved En.    Temperature Pres. DC (bar)
    2.44013e+04   -1.10761e+05   -1.09903e+05    3.04014e+02   -1.92538e+02
 Pressure (bar)   Constr. rmsd
    3.54982e+01    2.92813e-05


DD  step 89999 load imb.: force 22.6%
           Step           Time
          90000      180.00000

   Energies (kJ/mol)
          Angle    Proper Dih. Per. Imp. Dih.          LJ-14     Coulomb-14
    3.07501e+02    3.73271e+02    2.02501e+01    1.53733e+02    1.53215e+03
        LJ (SR)  Disper. corr.   Coulomb (SR)   Coul. recip.      Potential
    1.96124e+04   -1.14565e+03   -1.57469e+05    8.88599e+02   -1.35727e+05
    Kinetic En.   Total Energy  Conserved En.    Temperature Pres. DC (bar)
    2.39573e+04   -1.11769e+05   -1.09821e+05    2.98483e+02   -1.95575e+02
 Pressure (bar)   Constr. rmsd
   -4.03137e+02    2.14856e-05


DD  step 94999 load imb.: force 23.3%
           Step           Time
          95000      190.00000

   Energies (kJ/mol)
          Angle    Proper Dih. Per. Imp. Dih.          LJ-14     Coulomb-14
    3.32683e+02    3.68719e+02    1.70024e+01    1.46650e+02    1.51830e+03
        LJ (SR)  Disper. corr.   Coulomb (SR)   Coul. recip.      Potential
    1.98643e+04   -1.13744e+03   -1.57129e+05    8.90653e+02   -1.35128e+05
    Kinetic En.   Total Energy  Conserved En.    Temperature Pres. DC (bar)
    2.38874e+04   -1.11241e+05   -1.09710e+05    2.97612e+02   -1.92786e+02
 Pressure (bar)   Constr. rmsd
   -1.59102e+02    2.54641e-05


DD  step 99999 load imb.: force 31.1%
           Step           Time
         100000      200.00000

Writing checkpoint, step 100000 at Tue Nov  7 16:03:31 2023


   Energies (kJ/mol)
          Angle    Proper Dih. Per. Imp. Dih.          LJ-14     Coulomb-14
    3.17926e+02    3.47676e+02    2.94354e+01    1.52643e+02    1.54476e+03
        LJ (SR)  Disper. corr.   Coulomb (SR)   Coul. recip.      Potential
    2.00571e+04   -1.14604e+03   -1.57873e+05    9.28802e+02   -1.35641e+05
    Kinetic En.   Total Energy  Conserved En.    Temperature Pres. DC (bar)
    2.42511e+04   -1.11390e+05   -1.09640e+05    3.02143e+02   -1.95708e+02
 Pressure (bar)   Constr. rmsd
   -6.08595e+01    2.32035e-05


Energy conservation over simulation part #1 of length 200 ps, time 0 to 200 ps
  Conserved energy drift: 9.93e-04 kJ/mol/ps per atom


	<======  ###############  ==>
	<====  A V E R A G E S  ====>
	<==  ###############  ======>

	Statistics over 100001 steps using 1001 frames

   Energies (kJ/mol)
          Angle    Proper Dih. Per. Imp. Dih.          LJ-14     Coulomb-14
    3.08894e+02    3.65803e+02    1.79440e+01    1.45537e+02    1.52022e+03
        LJ (SR)  Disper. corr.   Coulomb (SR)   Coul. recip.      Potential
    2.02748e+04   -1.14357e+03   -1.58004e+05    8.92333e+02   -1.35622e+05
    Kinetic En.   Total Energy  Conserved En.    Temperature Pres. DC (bar)
    2.40852e+04   -1.11537e+05   -1.10548e+05    3.00076e+02   -1.94876e+02
 Pressure (bar)   Constr. rmsd
   -6.15996e+00    0.00000e+00

          Box-X          Box-Y          Box-Z
    4.60368e+00    4.60368e+00    4.60368e+00

   Total Virial (kJ/mol)
    8.06020e+03   -6.55541e+00   -2.59148e+01
   -6.47453e+00    8.00700e+03   -6.06680e+00
   -2.57814e+01   -6.02058e+00    8.08206e+03

   Pressure (bar)
   -8.41764e+00    2.72948e+00    1.02772e+01
    2.70199e+00    7.83460e+00    2.73140e+00
    1.02318e+01    2.71565e+00   -1.78969e+01

      T-Protein  T-non-Protein
    3.00676e+02    3.00067e+02


	M E G A - F L O P S   A C C O U N T I N G

 NB=Group-cutoff nonbonded kernels    NxN=N-by-N cluster Verlet kernels
 RF=Reaction-Field  VdW=Van der Waals  QSTab=quadratic-spline table
 W3=SPC/TIP3p  W4=TIP4p (single or pairs)
 V&F=Potential and force  V=Potential only  F=Force only

 Computing:                               M-Number         M-Flops  % Flops
-----------------------------------------------------------------------------
 Pair Search distance check            6598.303054       59384.727     0.2
 NxN Ewald Elec. + LJ [F]            245887.162240    16228552.708    49.9
 NxN Ewald Elec. + LJ [V&F]            2486.115080      266014.314     0.8
 NxN Ewald Elec. [F]                 233322.281104    14232659.147    43.7
 NxN Ewald Elec. [V&F]                 2359.045544      198159.826     0.6
 1,4 nonbonded interactions              38.800388        3492.035     0.0
 Calc Weights                          2893.828938      104177.842     0.3
 Spread Q Bspline                     61735.017344      123470.035     0.4
 Gather F Bspline                     61735.017344      370410.104     1.1
 3D-FFT                               98304.783038      786438.264     2.4
 Solve PME                              204.802048       13107.331     0.0
 Reset In Box                            19.263062          57.789     0.0
 CG-CoM                                  19.301646          57.905     0.0
 Angles                                  27.300273        4586.446     0.0
 Propers                                 42.500425        9732.597     0.0
 Impropers                                2.800028         582.406     0.0
 Virial                                  20.022006         360.396     0.0
 Stop-CM                                  9.655646          96.556     0.0
 Calc-Ekin                              192.939292        5209.361     0.0
 Lincs                                   34.093522        2045.611     0.0
 Lincs-Mat                              726.955524        2907.822     0.0
 Constraint-V                          1119.866606       10078.799     0.0
 Constraint-Vir                          21.726079         521.426     0.0
 Settle                                 350.559854      129707.146     0.4
-----------------------------------------------------------------------------
 Total                                                32551810.594   100.0
-----------------------------------------------------------------------------


    D O M A I N   D E C O M P O S I T I O N   S T A T I S T I C S

 av. #atoms communicated per step for force:  2 x 17508.8
 av. #atoms communicated per step for LINCS:  2 x 1252.8


Dynamic load balancing report:
 DLB got disabled because it was unsuitable to use.
 Average load imbalance: 20.6%.
 The balanceable part of the MD step is 24%, load imbalance is computed from this.
 Part of the total run time spent waiting due to load imbalance: 5.0%.


      R E A L   C Y C L E   A N D   T I M E   A C C O U N T I N G

On 8 MPI ranks

 Activity:              Num   Num      Call    Wall time         Giga-Cycles
                        Ranks Threads  Count      (s)         total sum    %
--------------------------------------------------------------------------------
 Domain decomp.            8    1       2000       3.935          0.756   0.7
 DD comm. load             8    1       1110       0.045          0.009   0.0
 DD comm. bounds           8    1        217       0.037          0.007   0.0
 Neighbor search           8    1       2001       3.604          0.692   0.7
 Comm. coord.              8    1      98000       9.752          1.873   1.8
 Force                     8    1     100001     128.269         24.631  23.1
 Wait + Comm. F            8    1     100001       7.190          1.381   1.3
 PME mesh                  8    1     100001     379.770         72.926  68.5
 NB X/F buffer ops.        8    1     296001       1.391          0.267   0.3
 Write traj.               8    1         21       0.015          0.003   0.0
 Update                    8    1     100001       0.565          0.108   0.1
 Constraints               8    1     100001      17.434          3.348   3.1
 Comm. energies            8    1      10001       1.684          0.323   0.3
 Rest                                              0.654          0.126   0.1
--------------------------------------------------------------------------------
 Total                                           554.343        106.448 100.0
--------------------------------------------------------------------------------
 Breakdown of PME mesh activities
--------------------------------------------------------------------------------
 PME redist. X/F           8    1     200002     282.581         54.263  51.0
 PME spread                8    1     100001      43.671          8.386   7.9
 PME gather                8    1     100001      12.639          2.427   2.3
 PME 3D-FFT                8    1     200002       5.878          1.129   1.1
 PME 3D-FFT Comm.          8    1     400004      34.253          6.578   6.2
 PME solve Elec            8    1     100001       0.698          0.134   0.1
--------------------------------------------------------------------------------

               Core t (s)   Wall t (s)        (%)
       Time:     4434.744      554.343      800.0
                 (ns/day)    (hour/ns)
Performance:       31.172        0.770
Finished mdrun on rank 0 Tue Nov  7 16:03:31 2023

